2021-03-29 12:23:28,950 [myid:] - INFO  [main:QuorumPeerConfig@173] - Reading configuration from: /Users/petroniuss/Studies/DistributedSystems/lab3-zookeeper/lab/apache-zookeeper-3.6.1-bin/bin/../conf/zoo3.cfg
2021-03-29 12:23:28,967 [myid:] - INFO  [main:QuorumPeerConfig@459] - clientPortAddress is 0.0.0.0:2184
2021-03-29 12:23:28,967 [myid:] - INFO  [main:QuorumPeerConfig@463] - secureClientPort is not set
2021-03-29 12:23:28,967 [myid:] - INFO  [main:QuorumPeerConfig@479] - observerMasterPort is not set
2021-03-29 12:23:28,968 [myid:] - INFO  [main:QuorumPeerConfig@496] - metricsProvider.className is org.apache.zookeeper.metrics.impl.DefaultMetricsProvider
2021-03-29 12:23:28,975 [myid:3] - INFO  [main:DatadirCleanupManager@78] - autopurge.snapRetainCount set to 3
2021-03-29 12:23:28,975 [myid:3] - INFO  [main:DatadirCleanupManager@79] - autopurge.purgeInterval set to 0
2021-03-29 12:23:28,975 [myid:3] - INFO  [main:DatadirCleanupManager@101] - Purge task is not scheduled.
2021-03-29 12:23:28,977 [myid:3] - INFO  [main:ManagedUtil@44] - Log4j 1.2 jmx support found and enabled.
2021-03-29 12:23:28,982 [myid:3] - INFO  [main:QuorumPeerMain@151] - Starting quorum peer
2021-03-29 12:23:28,991 [myid:3] - INFO  [main:ServerMetrics@62] - ServerMetrics initialized with provider org.apache.zookeeper.metrics.impl.DefaultMetricsProvider@3b6eb2ec
2021-03-29 12:23:28,999 [myid:3] - INFO  [main:ServerCnxnFactory@169] - Using org.apache.zookeeper.server.NIOServerCnxnFactory as server connection factory
2021-03-29 12:23:29,000 [myid:3] - WARN  [main:ServerCnxnFactory@309] - maxCnxns is not configured, using default value 0.
2021-03-29 12:23:29,001 [myid:3] - INFO  [main:NIOServerCnxnFactory@666] - Configuring NIO connection handler with 10s sessionless connection timeout, 2 selector thread(s), 32 worker threads, and 64 kB direct buffers.
2021-03-29 12:23:29,010 [myid:3] - INFO  [main:NIOServerCnxnFactory@674] - binding to port 0.0.0.0/0.0.0.0:2184
2021-03-29 12:23:29,017 [myid:3] - INFO  [main:QuorumPeer@752] - zookeeper.quorumCnxnTimeoutMs=-1
2021-03-29 12:23:29,042 [myid:3] - INFO  [main:Log@169] - Logging initialized @375ms to org.eclipse.jetty.util.log.Slf4jLog
2021-03-29 12:23:29,103 [myid:3] - WARN  [main:ContextHandler@1520] - o.e.j.s.ServletContextHandler@59e5ddf{/,null,UNAVAILABLE} contextPath ends with /*
2021-03-29 12:23:29,103 [myid:3] - WARN  [main:ContextHandler@1531] - Empty contextPath
2021-03-29 12:23:29,112 [myid:3] - INFO  [main:X509Util@77] - Setting -D jdk.tls.rejectClientInitiatedRenegotiation=true to disable client-initiated TLS renegotiation
2021-03-29 12:23:29,114 [myid:3] - INFO  [main:FileTxnSnapLog@124] - zookeeper.snapshot.trust.empty : false
2021-03-29 12:23:29,117 [myid:3] - INFO  [main:QuorumPeer@1680] - Local sessions disabled
2021-03-29 12:23:29,117 [myid:3] - INFO  [main:QuorumPeer@1691] - Local session upgrading disabled
2021-03-29 12:23:29,117 [myid:3] - INFO  [main:QuorumPeer@1658] - tickTime set to 2000
2021-03-29 12:23:29,117 [myid:3] - INFO  [main:QuorumPeer@1702] - minSessionTimeout set to 4000
2021-03-29 12:23:29,117 [myid:3] - INFO  [main:QuorumPeer@1713] - maxSessionTimeout set to 40000
2021-03-29 12:23:29,118 [myid:3] - INFO  [main:QuorumPeer@1738] - initLimit set to 10
2021-03-29 12:23:29,118 [myid:3] - INFO  [main:QuorumPeer@1920] - syncLimit set to 5
2021-03-29 12:23:29,118 [myid:3] - INFO  [main:QuorumPeer@1935] - connectToLearnerMasterLimit set to 0
2021-03-29 12:23:29,127 [myid:3] - INFO  [main:ZookeeperBanner@42] - 
2021-03-29 12:23:29,127 [myid:3] - INFO  [main:ZookeeperBanner@42] -   ______                  _                                          
2021-03-29 12:23:29,127 [myid:3] - INFO  [main:ZookeeperBanner@42] -  |___  /                 | |                                         
2021-03-29 12:23:29,127 [myid:3] - INFO  [main:ZookeeperBanner@42] -     / /    ___     ___   | | __   ___    ___   _ __     ___   _ __   
2021-03-29 12:23:29,127 [myid:3] - INFO  [main:ZookeeperBanner@42] -    / /    / _ \   / _ \  | |/ /  / _ \  / _ \ | '_ \   / _ \ | '__|
2021-03-29 12:23:29,127 [myid:3] - INFO  [main:ZookeeperBanner@42] -   / /__  | (_) | | (_) | |   <  |  __/ |  __/ | |_) | |  __/ | |    
2021-03-29 12:23:29,127 [myid:3] - INFO  [main:ZookeeperBanner@42] -  /_____|  \___/   \___/  |_|\_\  \___|  \___| | .__/   \___| |_|
2021-03-29 12:23:29,128 [myid:3] - INFO  [main:ZookeeperBanner@42] -                                               | |                     
2021-03-29 12:23:29,128 [myid:3] - INFO  [main:ZookeeperBanner@42] -                                               |_|                     
2021-03-29 12:23:29,128 [myid:3] - INFO  [main:ZookeeperBanner@42] - 
2021-03-29 12:23:29,129 [myid:3] - INFO  [main:Environment@98] - Server environment:zookeeper.version=3.6.1--104dcb3e3fb464b30c5186d229e00af9f332524b, built on 04/21/2020 15:01 GMT
2021-03-29 12:23:29,129 [myid:3] - INFO  [main:Environment@98] - Server environment:host.name=patryks-mbp.home
2021-03-29 12:23:29,129 [myid:3] - INFO  [main:Environment@98] - Server environment:java.version=1.8.0_282
2021-03-29 12:23:29,130 [myid:3] - INFO  [main:Environment@98] - Server environment:java.vendor=AdoptOpenJDK
2021-03-29 12:23:29,130 [myid:3] - INFO  [main:Environment@98] - Server environment:java.home=/Library/Java/JavaVirtualMachines/adoptopenjdk-8.jdk/Contents/Home/jre
2021-03-29 12:23:29,130 [myid:3] - INFO  [main:Environment@98] - Server environment:java.class.path=/Users/petroniuss/Studies/DistributedSystems/lab3-zookeeper/lab/apache-zookeeper-3.6.1-bin/bin/../zookeeper-server/target/classes:/Users/petroniuss/Studies/DistributedSystems/lab3-zookeeper/lab/apache-zookeeper-3.6.1-bin/bin/../build/classes:/Users/petroniuss/Studies/DistributedSystems/lab3-zookeeper/lab/apache-zookeeper-3.6.1-bin/bin/../zookeeper-server/target/lib/*.jar:/Users/petroniuss/Studies/DistributedSystems/lab3-zookeeper/lab/apache-zookeeper-3.6.1-bin/bin/../build/lib/*.jar:/Users/petroniuss/Studies/DistributedSystems/lab3-zookeeper/lab/apache-zookeeper-3.6.1-bin/bin/../lib/zookeeper-prometheus-metrics-3.6.1.jar:/Users/petroniuss/Studies/DistributedSystems/lab3-zookeeper/lab/apache-zookeeper-3.6.1-bin/bin/../lib/zookeeper-jute-3.6.1.jar:/Users/petroniuss/Studies/DistributedSystems/lab3-zookeeper/lab/apache-zookeeper-3.6.1-bin/bin/../lib/zookeeper-3.6.1.jar:/Users/petroniuss/Studies/DistributedSystems/lab3-zookeeper/lab/apache-zookeeper-3.6.1-bin/bin/../lib/snappy-java-1.1.7.jar:/Users/petroniuss/Studies/DistributedSystems/lab3-zookeeper/lab/apache-zookeeper-3.6.1-bin/bin/../lib/slf4j-log4j12-1.7.25.jar:/Users/petroniuss/Studies/DistributedSystems/lab3-zookeeper/lab/apache-zookeeper-3.6.1-bin/bin/../lib/slf4j-api-1.7.25.jar:/Users/petroniuss/Studies/DistributedSystems/lab3-zookeeper/lab/apache-zookeeper-3.6.1-bin/bin/../lib/simpleclient_servlet-0.6.0.jar:/Users/petroniuss/Studies/DistributedSystems/lab3-zookeeper/lab/apache-zookeeper-3.6.1-bin/bin/../lib/simpleclient_hotspot-0.6.0.jar:/Users/petroniuss/Studies/DistributedSystems/lab3-zookeeper/lab/apache-zookeeper-3.6.1-bin/bin/../lib/simpleclient_common-0.6.0.jar:/Users/petroniuss/Studies/DistributedSystems/lab3-zookeeper/lab/apache-zookeeper-3.6.1-bin/bin/../lib/simpleclient-0.6.0.jar:/Users/petroniuss/Studies/DistributedSystems/lab3-zookeeper/lab/apache-zookeeper-3.6.1-bin/bin/../lib/netty-transport-native-unix-common-4.1.48.Final.jar:/Users/petroniuss/Studies/DistributedSystems/lab3-zookeeper/lab/apache-zookeeper-3.6.1-bin/bin/../lib/netty-transport-native-epoll-4.1.48.Final.jar:/Users/petroniuss/Studies/DistributedSystems/lab3-zookeeper/lab/apache-zookeeper-3.6.1-bin/bin/../lib/netty-transport-4.1.48.Final.jar:/Users/petroniuss/Studies/DistributedSystems/lab3-zookeeper/lab/apache-zookeeper-3.6.1-bin/bin/../lib/netty-resolver-4.1.48.Final.jar:/Users/petroniuss/Studies/DistributedSystems/lab3-zookeeper/lab/apache-zookeeper-3.6.1-bin/bin/../lib/netty-handler-4.1.48.Final.jar:/Users/petroniuss/Studies/DistributedSystems/lab3-zookeeper/lab/apache-zookeeper-3.6.1-bin/bin/../lib/netty-common-4.1.48.Final.jar:/Users/petroniuss/Studies/DistributedSystems/lab3-zookeeper/lab/apache-zookeeper-3.6.1-bin/bin/../lib/netty-codec-4.1.48.Final.jar:/Users/petroniuss/Studies/DistributedSystems/lab3-zookeeper/lab/apache-zookeeper-3.6.1-bin/bin/../lib/netty-buffer-4.1.48.Final.jar:/Users/petroniuss/Studies/DistributedSystems/lab3-zookeeper/lab/apache-zookeeper-3.6.1-bin/bin/../lib/metrics-core-3.2.5.jar:/Users/petroniuss/Studies/DistributedSystems/lab3-zookeeper/lab/apache-zookeeper-3.6.1-bin/bin/../lib/log4j-1.2.17.jar:/Users/petroniuss/Studies/DistributedSystems/lab3-zookeeper/lab/apache-zookeeper-3.6.1-bin/bin/../lib/json-simple-1.1.1.jar:/Users/petroniuss/Studies/DistributedSystems/lab3-zookeeper/lab/apache-zookeeper-3.6.1-bin/bin/../lib/jline-2.11.jar:/Users/petroniuss/Studies/DistributedSystems/lab3-zookeeper/lab/apache-zookeeper-3.6.1-bin/bin/../lib/jetty-util-9.4.24.v20191120.jar:/Users/petroniuss/Studies/DistributedSystems/lab3-zookeeper/lab/apache-zookeeper-3.6.1-bin/bin/../lib/jetty-servlet-9.4.24.v20191120.jar:/Users/petroniuss/Studies/DistributedSystems/lab3-zookeeper/lab/apache-zookeeper-3.6.1-bin/bin/../lib/jetty-server-9.4.24.v20191120.jar:/Users/petroniuss/Studies/DistributedSystems/lab3-zookeeper/lab/apache-zookeeper-3.6.1-bin/bin/../lib/jetty-security-9.4.24.v20191120.jar:/Users/petroniuss/Studies/DistributedSystems/lab3-zookeeper/lab/apache-zookeeper-3.6.1-bin/bin/../lib/jetty-io-9.4.24.v20191120.jar:/Users/petroniuss/Studies/DistributedSystems/lab3-zookeeper/lab/apache-zookeeper-3.6.1-bin/bin/../lib/jetty-http-9.4.24.v20191120.jar:/Users/petroniuss/Studies/DistributedSystems/lab3-zookeeper/lab/apache-zookeeper-3.6.1-bin/bin/../lib/javax.servlet-api-3.1.0.jar:/Users/petroniuss/Studies/DistributedSystems/lab3-zookeeper/lab/apache-zookeeper-3.6.1-bin/bin/../lib/jackson-databind-2.10.3.jar:/Users/petroniuss/Studies/DistributedSystems/lab3-zookeeper/lab/apache-zookeeper-3.6.1-bin/bin/../lib/jackson-core-2.10.3.jar:/Users/petroniuss/Studies/DistributedSystems/lab3-zookeeper/lab/apache-zookeeper-3.6.1-bin/bin/../lib/jackson-annotations-2.10.3.jar:/Users/petroniuss/Studies/DistributedSystems/lab3-zookeeper/lab/apache-zookeeper-3.6.1-bin/bin/../lib/commons-lang-2.6.jar:/Users/petroniuss/Studies/DistributedSystems/lab3-zookeeper/lab/apache-zookeeper-3.6.1-bin/bin/../lib/commons-cli-1.2.jar:/Users/petroniuss/Studies/DistributedSystems/lab3-zookeeper/lab/apache-zookeeper-3.6.1-bin/bin/../lib/audience-annotations-0.5.0.jar:/Users/petroniuss/Studies/DistributedSystems/lab3-zookeeper/lab/apache-zookeeper-3.6.1-bin/bin/../zookeeper-*.jar:/Users/petroniuss/Studies/DistributedSystems/lab3-zookeeper/lab/apache-zookeeper-3.6.1-bin/bin/../zookeeper-server/src/main/resources/lib/*.jar:/Users/petroniuss/Studies/DistributedSystems/lab3-zookeeper/lab/apache-zookeeper-3.6.1-bin/bin/../conf:
2021-03-29 12:23:29,130 [myid:3] - INFO  [main:Environment@98] - Server environment:java.library.path=/Users/petroniuss/Library/Java/Extensions:/Library/Java/Extensions:/Network/Library/Java/Extensions:/System/Library/Java/Extensions:/usr/lib/java:.
2021-03-29 12:23:29,130 [myid:3] - INFO  [main:Environment@98] - Server environment:java.io.tmpdir=/var/folders/wx/h97mt6891gqbcmjq11dv5v6h0000gn/T/
2021-03-29 12:23:29,130 [myid:3] - INFO  [main:Environment@98] - Server environment:java.compiler=<NA>
2021-03-29 12:23:29,130 [myid:3] - INFO  [main:Environment@98] - Server environment:os.name=Mac OS X
2021-03-29 12:23:29,130 [myid:3] - INFO  [main:Environment@98] - Server environment:os.arch=x86_64
2021-03-29 12:23:29,130 [myid:3] - INFO  [main:Environment@98] - Server environment:os.version=10.16
2021-03-29 12:23:29,130 [myid:3] - INFO  [main:Environment@98] - Server environment:user.name=petroniuss
2021-03-29 12:23:29,130 [myid:3] - INFO  [main:Environment@98] - Server environment:user.home=/Users/petroniuss
2021-03-29 12:23:29,130 [myid:3] - INFO  [main:Environment@98] - Server environment:user.dir=/Users/petroniuss/Studies/DistributedSystems/lab3-zookeeper/lab/apache-zookeeper-3.6.1-bin/bin
2021-03-29 12:23:29,130 [myid:3] - INFO  [main:Environment@98] - Server environment:os.memory.free=217MB
2021-03-29 12:23:29,131 [myid:3] - INFO  [main:Environment@98] - Server environment:os.memory.max=889MB
2021-03-29 12:23:29,131 [myid:3] - INFO  [main:Environment@98] - Server environment:os.memory.total=245MB
2021-03-29 12:23:29,131 [myid:3] - INFO  [main:ZooKeeperServer@128] - zookeeper.enableEagerACLCheck = false
2021-03-29 12:23:29,131 [myid:3] - INFO  [main:ZooKeeperServer@136] - zookeeper.digest.enabled = true
2021-03-29 12:23:29,131 [myid:3] - INFO  [main:ZooKeeperServer@140] - zookeeper.closeSessionTxn.enabled = true
2021-03-29 12:23:29,131 [myid:3] - INFO  [main:ZooKeeperServer@1434] - zookeeper.flushDelay=0
2021-03-29 12:23:29,131 [myid:3] - INFO  [main:ZooKeeperServer@1443] - zookeeper.maxWriteQueuePollTime=0
2021-03-29 12:23:29,131 [myid:3] - INFO  [main:ZooKeeperServer@1452] - zookeeper.maxBatchSize=1000
2021-03-29 12:23:29,131 [myid:3] - INFO  [main:ZooKeeperServer@241] - zookeeper.intBufferStartingSizeBytes = 1024
2021-03-29 12:23:29,134 [myid:3] - INFO  [main:WatchManagerFactory@42] - Using org.apache.zookeeper.server.watch.WatchManager as watch manager
2021-03-29 12:23:29,135 [myid:3] - INFO  [main:WatchManagerFactory@42] - Using org.apache.zookeeper.server.watch.WatchManager as watch manager
2021-03-29 12:23:29,135 [myid:3] - INFO  [main:ZKDatabase@132] - zookeeper.snapshotSizeFactor = 0.33
2021-03-29 12:23:29,135 [myid:3] - INFO  [main:ZKDatabase@152] - zookeeper.commitLogCount=500
2021-03-29 12:23:29,147 [myid:3] - INFO  [main:QuorumPeer@2001] - Using insecure (non-TLS) quorum communication
2021-03-29 12:23:29,147 [myid:3] - INFO  [main:QuorumPeer@2007] - Port unification disabled
2021-03-29 12:23:29,147 [myid:3] - INFO  [main:QuorumPeer@174] - multiAddress.enabled set to false
2021-03-29 12:23:29,147 [myid:3] - INFO  [main:QuorumPeer@199] - multiAddress.reachabilityCheckEnabled set to true
2021-03-29 12:23:29,148 [myid:3] - INFO  [main:QuorumPeer@186] - multiAddress.reachabilityCheckTimeoutMs set to 1000
2021-03-29 12:23:29,148 [myid:3] - INFO  [main:QuorumPeer@2461] - QuorumPeer communication is not secured! (SASL auth disabled)
2021-03-29 12:23:29,148 [myid:3] - INFO  [main:QuorumPeer@2486] - quorum.cnxn.threads.size set to 20
2021-03-29 12:23:29,151 [myid:3] - INFO  [main:SnapStream@61] - zookeeper.snapshot.compression.method = CHECKED
2021-03-29 12:23:29,153 [myid:3] - INFO  [main:FileSnap@85] - Reading snapshot /Users/petroniuss/Zookeeper/zk3/version-2/snapshot.100000000
2021-03-29 12:23:29,155 [myid:3] - INFO  [main:DataTree@1737] - The digest value is empty in snapshot
2021-03-29 12:23:29,163 [myid:3] - INFO  [main:FileTxnSnapLog@363] - 8 txns loaded in 4 ms
2021-03-29 12:23:29,163 [myid:3] - INFO  [main:ZKDatabase@289] - Snapshot loaded in 15 ms, highest zxid is 0x100000008, digest is 5048159972
2021-03-29 12:23:29,167 [myid:3] - INFO  [main:Server@359] - jetty-9.4.24.v20191120; built: 2019-11-20T21:37:49.771Z; git: 363d5f2df3a8a28de40604320230664b9c793c16; jvm 1.8.0_282-b08
2021-03-29 12:23:29,189 [myid:3] - INFO  [main:DefaultSessionIdManager@333] - DefaultSessionIdManager workerName=node0
2021-03-29 12:23:29,189 [myid:3] - INFO  [main:DefaultSessionIdManager@338] - No SessionScavenger set, using defaults
2021-03-29 12:23:29,190 [myid:3] - INFO  [main:HouseKeeper@140] - node0 Scavenging every 660000ms
2021-03-29 12:23:29,196 [myid:3] - INFO  [main:ContextHandler@825] - Started o.e.j.s.ServletContextHandler@59e5ddf{/,null,AVAILABLE}
2021-03-29 12:23:29,196 [myid:3] - WARN  [main:QuorumPeer@1080] - Problem starting AdminServer
org.apache.zookeeper.server.admin.AdminServer$AdminServerException: Problem starting AdminServer on address 0.0.0.0, port 8080 and command URL /commands
	at org.apache.zookeeper.server.admin.JettyAdminServer.start(JettyAdminServer.java:176)
	at org.apache.zookeeper.server.quorum.QuorumPeer.start(QuorumPeer.java:1078)
	at org.apache.zookeeper.server.quorum.QuorumPeerMain.runFromConfig(QuorumPeerMain.java:227)
	at org.apache.zookeeper.server.quorum.QuorumPeerMain.initializeAndRun(QuorumPeerMain.java:136)
	at org.apache.zookeeper.server.quorum.QuorumPeerMain.main(QuorumPeerMain.java:90)
Caused by: java.io.IOException: Failed to bind to /0.0.0.0:8080
	at org.eclipse.jetty.server.ServerConnector.openAcceptChannel(ServerConnector.java:346)
	at org.eclipse.jetty.server.ServerConnector.open(ServerConnector.java:307)
	at org.eclipse.jetty.server.AbstractNetworkConnector.doStart(AbstractNetworkConnector.java:80)
	at org.eclipse.jetty.server.ServerConnector.doStart(ServerConnector.java:231)
	at org.eclipse.jetty.util.component.AbstractLifeCycle.start(AbstractLifeCycle.java:72)
	at org.eclipse.jetty.server.Server.doStart(Server.java:385)
	at org.eclipse.jetty.util.component.AbstractLifeCycle.start(AbstractLifeCycle.java:72)
	at org.apache.zookeeper.server.admin.JettyAdminServer.start(JettyAdminServer.java:167)
	... 4 more
Caused by: java.net.BindException: Address already in use
	at sun.nio.ch.Net.bind0(Native Method)
	at sun.nio.ch.Net.bind(Net.java:461)
	at sun.nio.ch.Net.bind(Net.java:453)
	at sun.nio.ch.ServerSocketChannelImpl.bind(ServerSocketChannelImpl.java:222)
	at sun.nio.ch.ServerSocketAdaptor.bind(ServerSocketAdaptor.java:85)
	at org.eclipse.jetty.server.ServerConnector.openAcceptChannel(ServerConnector.java:342)
	... 11 more
org.apache.zookeeper.server.admin.AdminServer$AdminServerException: Problem starting AdminServer on address 0.0.0.0, port 8080 and command URL /commands
2021-03-29 12:23:29,198 [myid:3] - INFO  [main:QuorumPeer@2503] - Using 10000ms as the quorum cnxn socket timeout
2021-03-29 12:23:29,201 [myid:3] - INFO  [main:QuorumCnxManager$Listener@923] - Election port bind maximum retries is 3
2021-03-29 12:23:29,203 [myid:3] - INFO  [main:FastLeaderElection@88] - zookeeper.fastleader.minNotificationInterval=200
2021-03-29 12:23:29,203 [myid:3] - INFO  [main:FastLeaderElection@90] - zookeeper.fastleader.maxNotificationInterval=60000
2021-03-29 12:23:29,205 [myid:3] - INFO  [main:ZKAuditProvider@42] - ZooKeeper audit is disabled.
2021-03-29 12:23:29,206 [myid:3] - INFO  [ListenerHandler-localhost/127.0.0.1:3890:QuorumCnxManager$Listener$ListenerHandler@1065] - 3 is accepting connections now, my election bind port: localhost/127.0.0.1:3890
2021-03-29 12:23:29,208 [myid:3] - INFO  [QuorumPeer[myid=3](plain=[0:0:0:0:0:0:0:0]:2184)(secure=disabled):QuorumPeer@1371] - LOOKING
2021-03-29 12:23:29,208 [myid:3] - INFO  [QuorumPeer[myid=3](plain=[0:0:0:0:0:0:0:0]:2184)(secure=disabled):FastLeaderElection@944] - New election. My id = 3, proposed zxid=0x100000008
2021-03-29 12:23:29,214 [myid:3] - INFO  [WorkerReceiver[myid=3]:FastLeaderElection$Messenger$WorkerReceiver@389] - Notification: my state:LOOKING; n.sid:3, n.state:LOOKING, n.leader:3, n.round:0x1, n.peerEpoch:0x1, n.zxid:0x100000008, message format version:0x2, n.config version:0x0
2021-03-29 12:23:29,219 [myid:3] - INFO  [WorkerReceiver[myid=3]:FastLeaderElection$Messenger$WorkerReceiver@389] - Notification: my state:LOOKING; n.sid:1, n.state:LOOKING, n.leader:2, n.round:0x1, n.peerEpoch:0x1, n.zxid:0x100000008, message format version:0x2, n.config version:0x0
2021-03-29 12:23:29,220 [myid:3] - INFO  [WorkerReceiver[myid=3]:FastLeaderElection$Messenger$WorkerReceiver@389] - Notification: my state:LOOKING; n.sid:2, n.state:LOOKING, n.leader:2, n.round:0x1, n.peerEpoch:0x1, n.zxid:0x100000008, message format version:0x2, n.config version:0x0
2021-03-29 12:23:29,220 [myid:3] - INFO  [WorkerReceiver[myid=3]:FastLeaderElection$Messenger$WorkerReceiver@389] - Notification: my state:LOOKING; n.sid:1, n.state:FOLLOWING, n.leader:2, n.round:0x1, n.peerEpoch:0x2, n.zxid:0x100000008, message format version:0x2, n.config version:0x0
2021-03-29 12:23:29,221 [myid:3] - INFO  [WorkerReceiver[myid=3]:FastLeaderElection$Messenger$WorkerReceiver@389] - Notification: my state:LOOKING; n.sid:2, n.state:LEADING, n.leader:2, n.round:0x1, n.peerEpoch:0x2, n.zxid:0x100000008, message format version:0x2, n.config version:0x0
2021-03-29 12:23:29,221 [myid:3] - INFO  [QuorumPeer[myid=3](plain=[0:0:0:0:0:0:0:0]:2184)(secure=disabled):QuorumPeer@857] - Peer state changed: following
2021-03-29 12:23:29,221 [myid:3] - INFO  [QuorumPeer[myid=3](plain=[0:0:0:0:0:0:0:0]:2184)(secure=disabled):QuorumPeer@1453] - FOLLOWING
2021-03-29 12:23:29,223 [myid:3] - INFO  [QuorumPeer[myid=3](plain=[0:0:0:0:0:0:0:0]:2184)(secure=disabled):Learner@117] - leaderConnectDelayDuringRetryMs: 100
2021-03-29 12:23:29,224 [myid:3] - INFO  [QuorumPeer[myid=3](plain=[0:0:0:0:0:0:0:0]:2184)(secure=disabled):Learner@118] - TCP NoDelay set to: true
2021-03-29 12:23:29,225 [myid:3] - INFO  [QuorumPeer[myid=3](plain=[0:0:0:0:0:0:0:0]:2184)(secure=disabled):BlueThrottle@141] - Weighed connection throttling is disabled
2021-03-29 12:23:29,225 [myid:3] - INFO  [QuorumPeer[myid=3](plain=[0:0:0:0:0:0:0:0]:2184)(secure=disabled):ZooKeeperServer@1246] - minSessionTimeout set to 4000
2021-03-29 12:23:29,225 [myid:3] - INFO  [QuorumPeer[myid=3](plain=[0:0:0:0:0:0:0:0]:2184)(secure=disabled):ZooKeeperServer@1255] - maxSessionTimeout set to 40000
2021-03-29 12:23:29,226 [myid:3] - INFO  [QuorumPeer[myid=3](plain=[0:0:0:0:0:0:0:0]:2184)(secure=disabled):ResponseCache@45] - Response cache size is initialized with value 400.
2021-03-29 12:23:29,226 [myid:3] - INFO  [QuorumPeer[myid=3](plain=[0:0:0:0:0:0:0:0]:2184)(secure=disabled):ResponseCache@45] - Response cache size is initialized with value 400.
2021-03-29 12:23:29,226 [myid:3] - INFO  [QuorumPeer[myid=3](plain=[0:0:0:0:0:0:0:0]:2184)(secure=disabled):RequestPathMetricsCollector@111] - zookeeper.pathStats.slotCapacity = 60
2021-03-29 12:23:29,226 [myid:3] - INFO  [QuorumPeer[myid=3](plain=[0:0:0:0:0:0:0:0]:2184)(secure=disabled):RequestPathMetricsCollector@112] - zookeeper.pathStats.slotDuration = 15
2021-03-29 12:23:29,226 [myid:3] - INFO  [QuorumPeer[myid=3](plain=[0:0:0:0:0:0:0:0]:2184)(secure=disabled):RequestPathMetricsCollector@113] - zookeeper.pathStats.maxDepth = 6
2021-03-29 12:23:29,226 [myid:3] - INFO  [QuorumPeer[myid=3](plain=[0:0:0:0:0:0:0:0]:2184)(secure=disabled):RequestPathMetricsCollector@114] - zookeeper.pathStats.initialDelay = 5
2021-03-29 12:23:29,227 [myid:3] - INFO  [QuorumPeer[myid=3](plain=[0:0:0:0:0:0:0:0]:2184)(secure=disabled):RequestPathMetricsCollector@115] - zookeeper.pathStats.delay = 5
2021-03-29 12:23:29,227 [myid:3] - INFO  [QuorumPeer[myid=3](plain=[0:0:0:0:0:0:0:0]:2184)(secure=disabled):RequestPathMetricsCollector@116] - zookeeper.pathStats.enabled = false
2021-03-29 12:23:29,227 [myid:3] - INFO  [QuorumPeer[myid=3](plain=[0:0:0:0:0:0:0:0]:2184)(secure=disabled):ZooKeeperServer@1471] - The max bytes for all large requests are set to 104857600
2021-03-29 12:23:29,227 [myid:3] - INFO  [QuorumPeer[myid=3](plain=[0:0:0:0:0:0:0:0]:2184)(secure=disabled):ZooKeeperServer@1485] - The large request threshold is set to -1
2021-03-29 12:23:29,227 [myid:3] - INFO  [QuorumPeer[myid=3](plain=[0:0:0:0:0:0:0:0]:2184)(secure=disabled):ZooKeeperServer@329] - Created server with tickTime 2000 minSessionTimeout 4000 maxSessionTimeout 40000 clientPortListenBacklog -1 datadir /Users/petroniuss/Zookeeper/zk3/version-2 snapdir /Users/petroniuss/Zookeeper/zk3/version-2
2021-03-29 12:23:29,228 [myid:3] - INFO  [QuorumPeer[myid=3](plain=[0:0:0:0:0:0:0:0]:2184)(secure=disabled):Follower@75] - FOLLOWING - LEADER ELECTION TOOK - 20 MS
2021-03-29 12:23:29,230 [myid:3] - INFO  [QuorumPeer[myid=3](plain=[0:0:0:0:0:0:0:0]:2184)(secure=disabled):QuorumPeer@863] - Peer state changed: following - discovery
2021-03-29 12:23:29,232 [myid:3] - INFO  [LeaderConnector-localhost/127.0.0.1:2889:Learner$LeaderConnector@330] - Successfully connected to leader, using address: localhost/127.0.0.1:2889
2021-03-29 12:23:29,236 [myid:3] - INFO  [QuorumPeer[myid=3](plain=[0:0:0:0:0:0:0:0]:2184)(secure=disabled):QuorumPeer@863] - Peer state changed: following - synchronization
2021-03-29 12:23:29,236 [myid:3] - INFO  [QuorumPeer[myid=3](plain=[0:0:0:0:0:0:0:0]:2184)(secure=disabled):Learner@511] - Getting a diff from the leader 0x100000008
2021-03-29 12:23:29,236 [myid:3] - INFO  [QuorumPeer[myid=3](plain=[0:0:0:0:0:0:0:0]:2184)(secure=disabled):QuorumPeer@868] - Peer state changed: following - synchronization - diff
2021-03-29 12:23:29,238 [myid:3] - INFO  [QuorumPeer[myid=3](plain=[0:0:0:0:0:0:0:0]:2184)(secure=disabled):Learner@677] - Learner received NEWLEADER message
2021-03-29 12:23:29,240 [myid:3] - INFO  [QuorumPeer[myid=3](plain=[0:0:0:0:0:0:0:0]:2184)(secure=disabled):Learner@661] - Learner received UPTODATE message
2021-03-29 12:23:29,241 [myid:3] - INFO  [QuorumPeer[myid=3](plain=[0:0:0:0:0:0:0:0]:2184)(secure=disabled):QuorumPeer@868] - Peer state changed: following - synchronization
2021-03-29 12:23:29,244 [myid:3] - INFO  [QuorumPeer[myid=3](plain=[0:0:0:0:0:0:0:0]:2184)(secure=disabled):CommitProcessor@476] - Configuring CommitProcessor with readBatchSize -1 commitBatchSize 1
2021-03-29 12:23:29,244 [myid:3] - INFO  [QuorumPeer[myid=3](plain=[0:0:0:0:0:0:0:0]:2184)(secure=disabled):CommitProcessor@438] - Configuring CommitProcessor with 16 worker threads.
2021-03-29 12:23:29,246 [myid:3] - INFO  [QuorumPeer[myid=3](plain=[0:0:0:0:0:0:0:0]:2184)(secure=disabled):RequestThrottler@74] - zookeeper.request_throttler.shutdownTimeout = 10000
2021-03-29 12:23:29,254 [myid:3] - INFO  [QuorumPeer[myid=3](plain=[0:0:0:0:0:0:0:0]:2184)(secure=disabled):QuorumPeer@863] - Peer state changed: following - broadcast
2021-03-29 12:23:33,903 [myid:3] - WARN  [QuorumPeer[myid=3](plain=[0:0:0:0:0:0:0:0]:2184)(secure=disabled):Follower@170] - Got zxid 0x200000001 expected 0x1
2021-03-29 12:23:33,904 [myid:3] - INFO  [SyncThread:3:FileTxnLog@284] - Creating new log file: log.200000001
2021-03-29 12:23:33,907 [myid:3] - INFO  [CommitProcessor:3:LearnerSessionTracker@116] - Committing global session 0x10005fd5cc40000
2021-03-29 12:23:45,393 [myid:3] - INFO  [CommitProcessor:3:LearnerSessionTracker@116] - Committing global session 0x20005fd5cc80000
2021-03-29 12:23:50,640 [myid:3] - INFO  [CommitProcessor:3:LearnerSessionTracker@116] - Committing global session 0x30005fd698b0000
2021-03-29 12:26:22,865 [myid:3] - INFO  [NIOWorkerThread-3:FourLetterCommands@223] - The list of known four letter word commands is : [{1936881266=srvr, 1937006964=stat, 2003003491=wchc, 1685417328=dump, 1668445044=crst, 1936880500=srst, 1701738089=envi, 1668247142=conf, -720899=telnet close, 1751217000=hash, 2003003507=wchs, 2003003504=wchp, 1684632179=dirs, 1668247155=cons, 1835955314=mntr, 1769173615=isro, 1920298859=ruok, 1735683435=gtmk, 1937010027=stmk}]
2021-03-29 12:26:22,865 [myid:3] - INFO  [NIOWorkerThread-3:FourLetterCommands@224] - The list of enabled four letter word commands is : [[wchs, stat, wchp, dirs, stmk, conf, ruok, mntr, srvr, wchc, envi, srst, isro, dump, gtmk, telnet close, crst, hash, cons]]
2021-03-29 12:26:22,865 [myid:3] - INFO  [NIOWorkerThread-3:NIOServerCnxn@507] - Processing stat command from /0:0:0:0:0:0:0:1:54951
2021-03-29 12:26:22,868 [myid:3] - INFO  [NIOWorkerThread-3:StatCommand@52] - Stat command output
2021-03-29 12:38:09,462 [myid:3] - WARN  [NIOWorkerThread-18:NIOServerCnxn@364] - Unexpected exception
EndOfStreamException: Unable to read additional data from client, it probably closed the socket: address = /127.0.0.1:54940, session = 0x30005fd698b0000
	at org.apache.zookeeper.server.NIOServerCnxn.handleFailedRead(NIOServerCnxn.java:163)
	at org.apache.zookeeper.server.NIOServerCnxn.doIO(NIOServerCnxn.java:326)
	at org.apache.zookeeper.server.NIOServerCnxnFactory$IOWorkRequest.doWork(NIOServerCnxnFactory.java:522)
	at org.apache.zookeeper.server.WorkerService$ScheduledWorkRequest.run(WorkerService.java:154)
	at java.util.concurrent.ThreadPoolExecutor.runWorker(ThreadPoolExecutor.java:1149)
	at java.util.concurrent.ThreadPoolExecutor$Worker.run(ThreadPoolExecutor.java:624)
	at java.lang.Thread.run(Thread.java:748)
erLastZxid=0x100000008
2021-03-29 12:23:29,235 [myid:2] - INFO  [LearnerHandler-/127.0.0.1:54935:LearnerHandler@864] - Using committedLog for peer sid: 3
2021-03-29 12:23:29,236 [myid:2] - INFO  [LearnerHandler-/127.0.0.1:54935:LearnerHandler@972] - Sending DIFF zxid=0x100000008  for peer sid: 3
2021-03-29 12:23:33,903 [myid:2] - INFO  [SyncThread:2:FileTxnLog@284] - Creating new log file: log.200000001
2021-03-29 12:23:33,906 [myid:2] - INFO  [CommitProcessor:2:LeaderSessionTracker@104] - Committing global session 0x10005fd5cc40000
2021-03-29 12:23:45,393 [myid:2] - INFO  [CommitProcessor:2:LeaderSessionTracker@104] - Committing global session 0x20005fd5cc80000
2021-03-29 12:23:50,640 [myid:2] - INFO  [CommitProcessor:2:LeaderSessionTracker@104] - Committing global session 0x30005fd698b0000
2021-03-29 12:25:46,715 [myid:2] - INFO  [NIOWorkerThread-27:FourLetterCommands@223] - The list of known four letter word commands is : [{1936881266=srvr, 1937006964=stat, 2003003491=wchc, 1685417328=dump, 1668445044=crst, 1936880500=srst, 1701738089=envi, 1668247142=conf, -720899=telnet close, 1751217000=hash, 2003003507=wchs, 2003003504=wchp, 1684632179=dirs, 1668247155=cons, 1835955314=mntr, 1769173615=isro, 1920298859=ruok, 1735683435=gtmk, 1937010027=stmk}]
2021-03-29 12:25:46,716 [myid:2] - INFO  [NIOWorkerThread-27:FourLetterCommands@224] - The list of enabled four letter word commands is : [[wchs, stat, wchp, dirs, stmk, conf, ruok, mntr, srvr, wchc, envi, srst, isro, dump, gtmk, telnet close, crst, hash, cons]]
2021-03-29 12:25:46,716 [myid:2] - INFO  [NIOWorkerThread-27:NIOServerCnxn@507] - Processing stat command from /0:0:0:0:0:0:0:1:54945
2021-03-29 12:25:46,719 [myid:2] - INFO  [NIOWorkerThread-27:StatCommand@52] - Stat command output
2021-03-29 12:26:18,984 [myid:2] - INFO  [NIOWorkerThread-4:NIOServerCnxn@507] - Processing stat command from /0:0:0:0:0:0:0:1:54950
2021-03-29 12:26:18,985 [myid:2] - INFO  [NIOWorkerThread-4:StatCommand@52] - Stat command output
2021-03-29 12:27:31,132 [myid:2] - INFO  [NIOWorkerThread-19:NIOServerCnxn@507] - Processing srvr command from /0:0:0:0:0:0:0:1:54957
2021-03-29 12:38:08,297 [myid:2] - WARN  [NIOWorkerThread-20:NIOServerCnxn@364] - Unexpected exception
EndOfStreamException: Unable to read additional data from client, it probably closed the socket: address = /127.0.0.1:54939, session = 0x20005fd5cc80000
	at org.apache.zookeeper.server.NIOServerCnxn.handleFailedRead(NIOServerCnxn.java:163)
	at org.apache.zookeeper.server.NIOServerCnxn.doIO(NIOServerCnxn.java:326)
	at org.apache.zookeeper.server.NIOServerCnxnFactory$IOWorkRequest.doWork(NIOServerCnxnFactory.java:522)
	at org.apache.zookeeper.server.WorkerService$ScheduledWorkRequest.run(WorkerService.java:154)
	at java.util.concurrent.ThreadPoolExecutor.runWorker(ThreadPoolExecutor.java:1149)
	at java.util.concurrent.ThreadPoolExecutor$Worker.run(ThreadPoolExecutor.java:624)
	at java.lang.Thread.run(Thread.java:748)
2021-03-29 12:38:29,561 [myid:2] - INFO  [SessionTracker:ZooKeeperServer@600] - Expiring session 0x20005fd5cc80000, timeout of 30000ms exceeded
2021-03-29 12:38:29,561 [myid:2] - INFO  [RequestThrottler:QuorumZooKeeperServer@158] - Submitting global closeSession request for session 0x20005fd5cc80000
2021-03-29 12:38:33,560 [myid:2] - INFO  [SessionTracker:ZooKeeperServer@600] - Expiring session 0x30005fd698b0000, timeout of 30000ms exceeded
2021-03-29 12:38:33,560 [myid:2] - INFO  [RequestThrottler:QuorumZooKeeperServer@158] - Submitting global closeSession request for session 0x30005fd698b0000
2021-03-29 12:38:37,557 [myid:2] - INFO  [SessionTracker:ZooKeeperServer@600] - Expiring session 0x10005fd5cc40000, timeout of 30000ms exceeded
2021-03-29 12:38:37,558 [myid:2] - INFO  [RequestThrottler:QuorumZooKeeperServer@158] - Submitting global closeSession request for session 0x10005fd5cc40000
ter word commands is : [{1936881266=srvr, 1937006964=stat, 2003003491=wchc, 1685417328=dump, 1668445044=crst, 1936880500=srst, 1701738089=envi, 1668247142=conf, -720899=telnet close, 1751217000=hash, 2003003507=wchs, 2003003504=wchp, 1684632179=dirs, 1668247155=cons, 1835955314=mntr, 1769173615=isro, 1920298859=ruok, 1735683435=gtmk, 1937010027=stmk}]
2021-03-29 12:26:14,582 [myid:1] - INFO  [NIOWorkerThread-3:FourLetterCommands@224] - The list of enabled four letter word commands is : [[wchs, stat, wchp, dirs, stmk, conf, ruok, mntr, srvr, wchc, envi, srst, isro, dump, gtmk, telnet close, crst, hash, cons]]
2021-03-29 12:26:14,583 [myid:1] - INFO  [NIOWorkerThread-3:NIOServerCnxn@507] - Processing stat command from /0:0:0:0:0:0:0:1:54949
2021-03-29 12:26:14,585 [myid:1] - INFO  [NIOWorkerThread-3:StatCommand@52] - Stat command output
2021-03-29 12:38:07,301 [myid:1] - WARN  [NIOWorkerThread-22:NIOServerCnxn@364] - Unexpected exception
EndOfStreamException: Unable to read additional data from client, it probably closed the socket: address = /127.0.0.1:54936, session = 0x10005fd5cc40000
	at org.apache.zookeeper.server.NIOServerCnxn.handleFailedRead(NIOServerCnxn.java:163)
	at org.apache.zookeeper.server.NIOServerCnxn.doIO(NIOServerCnxn.java:326)
	at org.apache.zookeeper.server.NIOServerCnxnFactory$IOWorkRequest.doWork(NIOServerCnxnFactory.java:522)
	at org.apache.zookeeper.server.WorkerService$ScheduledWorkRequest.run(WorkerService.java:154)
	at java.util.concurrent.ThreadPoolExecutor.runWorker(ThreadPoolExecutor.java:1149)
	at java.util.concurrent.ThreadPoolExecutor$Worker.run(ThreadPoolExecutor.java:624)
	at java.lang.Thread.run(Thread.java:748)
